2016-11-16 10:46:47,946 ERROR [Log] Class Utils | Method getCellData | Exception desc : null 
2016-11-16 10:46:47,947 INFO  [Log] ***************************************************** 
2016-11-16 10:46:47,947 INFO  [Log] ***************************************************** 
2016-11-16 10:46:47,947 INFO  [Log] $$$$$$$$$$$$$$Login_01$$$$$$$$$$$$$$$$$$$$$$$$$$ 
2016-11-16 10:46:47,947 INFO  [Log] ***************************************************** 
2016-11-16 10:46:47,947 INFO  [Log] ***************************************************** 
2016-11-16 10:46:47,948 ERROR [Log] Class Utils | Method getCellData | Exception desc : null 
2016-11-16 10:46:48,133 INFO  [Log] XXXXXXXXXXXXXXXXXXXXXXX             -E---N---D-             XXXXXXXXXXXXXXXXXXXXXX 
2016-11-16 10:46:48,133 INFO  [Log] X 
2016-11-16 10:46:48,133 INFO  [Log] X 
2016-11-16 10:46:48,134 INFO  [Log] X 
2016-11-16 10:46:48,134 INFO  [Log] X 
2016-11-16 10:46:48,135 ERROR [Log] Class Utils | Method getCellData | Exception desc : null 
2016-11-16 10:46:48,135 ERROR [Log] Class Utils | Method getCellData | Exception desc : null 
2016-11-16 10:46:48,135 ERROR [Log] Class Utils | Method getCellData | Exception desc : null 
2016-11-16 10:46:48,135 ERROR [Log] Class Utils | Method getCellData | Exception desc : null 
2016-11-16 10:46:48,135 ERROR [Log] Class Utils | Method getCellData | Exception desc : null 
2016-11-16 10:46:48,135 ERROR [Log] Class Utils | Method getCellData | Exception desc : null 
2016-11-16 10:46:48,135 ERROR [Log] Class Utils | Method getCellData | Exception desc : null 
2016-11-16 10:46:48,136 ERROR [Log] Class Utils | Method getCellData | Exception desc : null 
2016-11-16 10:46:48,136 ERROR [Log] Class Utils | Method getCellData | Exception desc : null 
2016-11-16 10:46:48,136 ERROR [Log] Class Utils | Method getCellData | Exception desc : null 
2016-11-16 10:46:48,136 ERROR [Log] Class Utils | Method getCellData | Exception desc : null 
2016-11-16 10:46:48,136 ERROR [Log] Class Utils | Method getCellData | Exception desc : null 
2016-11-16 10:46:48,136 ERROR [Log] Class Utils | Method getCellData | Exception desc : null 
2016-11-16 10:46:48,136 ERROR [Log] Class Utils | Method getCellData | Exception desc : null 
2016-11-16 10:46:48,136 ERROR [Log] Class Utils | Method getCellData | Exception desc : null 
2016-11-16 10:46:48,137 ERROR [Log] Class Utils | Method getCellData | Exception desc : null 
2016-11-16 11:04:01,756 ERROR [Log] Class Utils | Method getCellData | Exception desc : null 
2016-11-16 11:04:01,860 INFO  [Log] ***************************************************** 
2016-11-16 11:04:01,860 INFO  [Log] ***************************************************** 
2016-11-16 11:04:01,860 INFO  [Log] $$$$$$$$$$$$$$Login_01$$$$$$$$$$$$$$$$$$$$$$$$$$ 
2016-11-16 11:04:01,860 INFO  [Log] ***************************************************** 
2016-11-16 11:04:01,860 INFO  [Log] ***************************************************** 
2016-11-16 11:04:01,860 ERROR [Log] Class Utils | Method getCellData | Exception desc : null 
2016-11-16 11:04:03,332 INFO  [Log] XXXXXXXXXXXXXXXXXXXXXXX             -E---N---D-             XXXXXXXXXXXXXXXXXXXXXX 
2016-11-16 11:04:03,332 INFO  [Log] X 
2016-11-16 11:04:03,332 INFO  [Log] X 
2016-11-16 11:04:03,333 INFO  [Log] X 
2016-11-16 11:04:03,333 INFO  [Log] X 
2016-11-16 11:04:03,334 ERROR [Log] Class Utils | Method getCellData | Exception desc : null 
2016-11-16 11:04:03,334 ERROR [Log] Class Utils | Method getCellData | Exception desc : null 
2016-11-16 11:04:03,334 ERROR [Log] Class Utils | Method getCellData | Exception desc : null 
2016-11-16 11:04:03,334 ERROR [Log] Class Utils | Method getCellData | Exception desc : null 
2016-11-16 11:04:03,334 ERROR [Log] Class Utils | Method getCellData | Exception desc : null 
2016-11-16 11:04:03,335 ERROR [Log] Class Utils | Method getCellData | Exception desc : null 
2016-11-16 11:04:03,335 ERROR [Log] Class Utils | Method getCellData | Exception desc : null 
2016-11-16 11:04:03,335 ERROR [Log] Class Utils | Method getCellData | Exception desc : null 
2016-11-16 11:04:03,335 ERROR [Log] Class Utils | Method getCellData | Exception desc : null 
2016-11-16 11:04:03,335 ERROR [Log] Class Utils | Method getCellData | Exception desc : null 
2016-11-16 11:04:03,335 ERROR [Log] Class Utils | Method getCellData | Exception desc : null 
2016-11-16 11:04:03,335 ERROR [Log] Class Utils | Method getCellData | Exception desc : null 
2016-11-16 11:04:03,336 ERROR [Log] Class Utils | Method getCellData | Exception desc : null 
2016-11-16 11:04:03,336 ERROR [Log] Class Utils | Method getCellData | Exception desc : null 
2016-11-16 11:04:03,336 ERROR [Log] Class Utils | Method getCellData | Exception desc : null 
2016-11-16 11:04:03,336 ERROR [Log] Class Utils | Method getCellData | Exception desc : null 
2016-11-16 11:21:15,957 ERROR [Log] Class Utils | Method getCellData | Exception desc : null 
2016-11-16 11:21:16,003 INFO  [Log] ***************************************************** 
2016-11-16 11:21:16,003 INFO  [Log] ***************************************************** 
2016-11-16 11:21:16,003 INFO  [Log] $$$$$$$$$$$$$$Login_01$$$$$$$$$$$$$$$$$$$$$$$$$$ 
2016-11-16 11:21:16,003 INFO  [Log] ***************************************************** 
2016-11-16 11:21:16,003 INFO  [Log] ***************************************************** 
2016-11-16 11:21:16,004 ERROR [Log] Class Utils | Method getCellData | Exception desc : null 
2016-11-16 11:21:16,010 INFO  [Log] XXXXXXXXXXXXXXXXXXXXXXX             -E---N---D-             XXXXXXXXXXXXXXXXXXXXXX 
2016-11-16 11:21:16,010 INFO  [Log] X 
2016-11-16 11:21:16,010 INFO  [Log] X 
2016-11-16 11:21:16,010 INFO  [Log] X 
2016-11-16 11:21:16,010 INFO  [Log] X 
2016-11-16 11:21:16,011 ERROR [Log] Class Utils | Method getCellData | Exception desc : null 
2016-11-16 11:21:16,012 ERROR [Log] Class Utils | Method getCellData | Exception desc : null 
2016-11-16 11:21:16,012 ERROR [Log] Class Utils | Method getCellData | Exception desc : null 
2016-11-16 11:21:16,012 ERROR [Log] Class Utils | Method getCellData | Exception desc : null 
2016-11-16 11:21:16,012 ERROR [Log] Class Utils | Method getCellData | Exception desc : null 
2016-11-16 11:21:16,012 ERROR [Log] Class Utils | Method getCellData | Exception desc : null 
2016-11-16 11:21:16,012 ERROR [Log] Class Utils | Method getCellData | Exception desc : null 
2016-11-16 11:21:16,012 ERROR [Log] Class Utils | Method getCellData | Exception desc : null 
2016-11-16 11:21:16,013 ERROR [Log] Class Utils | Method getCellData | Exception desc : null 
2016-11-16 11:21:16,013 ERROR [Log] Class Utils | Method getCellData | Exception desc : null 
2016-11-16 11:21:16,013 ERROR [Log] Class Utils | Method getCellData | Exception desc : null 
2016-11-16 11:21:16,013 ERROR [Log] Class Utils | Method getCellData | Exception desc : null 
2016-11-16 11:21:16,013 ERROR [Log] Class Utils | Method getCellData | Exception desc : null 
2016-11-16 11:21:16,013 ERROR [Log] Class Utils | Method getCellData | Exception desc : null 
2016-11-16 11:21:16,013 ERROR [Log] Class Utils | Method getCellData | Exception desc : null 
2016-11-16 11:21:16,014 ERROR [Log] Class Utils | Method getCellData | Exception desc : null 
2016-11-16 11:23:10,169 ERROR [Log] Class Utils | Method getCellData | Exception desc : null 
2016-11-16 11:23:10,170 INFO  [Log] ***************************************************** 
2016-11-16 11:23:10,170 INFO  [Log] ***************************************************** 
2016-11-16 11:23:10,170 INFO  [Log] $$$$$$$$$$$$$$Login_01$$$$$$$$$$$$$$$$$$$$$$$$$$ 
2016-11-16 11:23:10,170 INFO  [Log] ***************************************************** 
2016-11-16 11:23:10,170 INFO  [Log] ***************************************************** 
2016-11-16 11:23:10,171 ERROR [Log] Class Utils | Method getCellData | Exception desc : null 
2016-11-16 11:23:10,173 INFO  [Log] XXXXXXXXXXXXXXXXXXXXXXX             -E---N---D-             XXXXXXXXXXXXXXXXXXXXXX 
2016-11-16 11:23:10,173 INFO  [Log] X 
2016-11-16 11:23:10,173 INFO  [Log] X 
2016-11-16 11:23:10,173 INFO  [Log] X 
2016-11-16 11:23:10,173 INFO  [Log] X 
2016-11-16 11:23:10,174 ERROR [Log] Class Utils | Method getCellData | Exception desc : null 
2016-11-16 11:23:10,174 ERROR [Log] Class Utils | Method getCellData | Exception desc : null 
2016-11-16 11:23:10,174 ERROR [Log] Class Utils | Method getCellData | Exception desc : null 
2016-11-16 11:23:10,175 ERROR [Log] Class Utils | Method getCellData | Exception desc : null 
2016-11-16 11:23:10,175 ERROR [Log] Class Utils | Method getCellData | Exception desc : null 
2016-11-16 11:23:10,175 ERROR [Log] Class Utils | Method getCellData | Exception desc : null 
2016-11-16 11:23:10,175 ERROR [Log] Class Utils | Method getCellData | Exception desc : null 
2016-11-16 11:23:10,175 ERROR [Log] Class Utils | Method getCellData | Exception desc : null 
2016-11-16 11:23:10,175 ERROR [Log] Class Utils | Method getCellData | Exception desc : null 
2016-11-16 11:23:10,175 ERROR [Log] Class Utils | Method getCellData | Exception desc : null 
2016-11-16 11:23:10,175 ERROR [Log] Class Utils | Method getCellData | Exception desc : null 
2016-11-16 11:23:10,175 ERROR [Log] Class Utils | Method getCellData | Exception desc : null 
2016-11-16 11:23:10,175 ERROR [Log] Class Utils | Method getCellData | Exception desc : null 
2016-11-16 11:23:10,175 ERROR [Log] Class Utils | Method getCellData | Exception desc : null 
2016-11-16 11:23:10,176 ERROR [Log] Class Utils | Method getCellData | Exception desc : null 
2016-11-16 11:23:10,176 ERROR [Log] Class Utils | Method getCellData | Exception desc : null 
2016-11-16 11:48:38,967 ERROR [Log] Class Utils | Method getCellData | Exception desc : null 
2016-11-16 11:48:38,968 INFO  [Log] ***************************************************** 
2016-11-16 11:48:38,968 INFO  [Log] ***************************************************** 
2016-11-16 11:48:38,968 INFO  [Log] $$$$$$$$$$$$$$Login_01$$$$$$$$$$$$$$$$$$$$$$$$$$ 
2016-11-16 11:48:38,968 INFO  [Log] ***************************************************** 
2016-11-16 11:48:38,968 INFO  [Log] ***************************************************** 
2016-11-16 11:48:38,968 ERROR [Log] Class Utils | Method getCellData | Exception desc : null 
2016-11-16 11:48:38,971 INFO  [Log] XXXXXXXXXXXXXXXXXXXXXXX             -E---N---D-             XXXXXXXXXXXXXXXXXXXXXX 
2016-11-16 11:48:38,971 INFO  [Log] X 
2016-11-16 11:48:38,971 INFO  [Log] X 
2016-11-16 11:48:38,971 INFO  [Log] X 
2016-11-16 11:48:38,971 INFO  [Log] X 
2016-11-16 11:48:38,972 ERROR [Log] Class Utils | Method getCellData | Exception desc : null 
2016-11-16 11:48:38,972 ERROR [Log] Class Utils | Method getCellData | Exception desc : null 
2016-11-16 11:48:38,972 ERROR [Log] Class Utils | Method getCellData | Exception desc : null 
2016-11-16 11:48:38,972 ERROR [Log] Class Utils | Method getCellData | Exception desc : null 
2016-11-16 11:48:38,972 ERROR [Log] Class Utils | Method getCellData | Exception desc : null 
2016-11-16 11:48:38,972 ERROR [Log] Class Utils | Method getCellData | Exception desc : null 
2016-11-16 11:48:38,972 ERROR [Log] Class Utils | Method getCellData | Exception desc : null 
2016-11-16 11:48:38,972 ERROR [Log] Class Utils | Method getCellData | Exception desc : null 
2016-11-16 11:48:38,972 ERROR [Log] Class Utils | Method getCellData | Exception desc : null 
2016-11-16 11:48:38,972 ERROR [Log] Class Utils | Method getCellData | Exception desc : null 
2016-11-16 11:48:38,973 ERROR [Log] Class Utils | Method getCellData | Exception desc : null 
2016-11-16 11:48:38,973 ERROR [Log] Class Utils | Method getCellData | Exception desc : null 
2016-11-16 11:48:38,973 ERROR [Log] Class Utils | Method getCellData | Exception desc : null 
2016-11-16 11:48:38,973 ERROR [Log] Class Utils | Method getCellData | Exception desc : null 
2016-11-16 11:48:38,973 ERROR [Log] Class Utils | Method getCellData | Exception desc : null 
2016-11-16 11:48:38,973 ERROR [Log] Class Utils | Method getCellData | Exception desc : null 
2016-11-16 12:15:07,248 ERROR [Log] Class Utils | Method getCellData | Exception desc : null 
2016-11-16 12:15:07,249 INFO  [Log] ***************************************************** 
2016-11-16 12:15:07,249 INFO  [Log] ***************************************************** 
2016-11-16 12:15:07,249 INFO  [Log] $$$$$$$$$$$$$$Login_01$$$$$$$$$$$$$$$$$$$$$$$$$$ 
2016-11-16 12:15:07,249 INFO  [Log] ***************************************************** 
2016-11-16 12:15:07,249 INFO  [Log] ***************************************************** 
2016-11-16 12:15:07,249 ERROR [Log] Class Utils | Method getCellData | Exception desc : null 
2016-11-16 12:15:07,323 INFO  [Log] XXXXXXXXXXXXXXXXXXXXXXX             -E---N---D-             XXXXXXXXXXXXXXXXXXXXXX 
2016-11-16 12:15:07,323 INFO  [Log] X 
2016-11-16 12:15:07,323 INFO  [Log] X 
2016-11-16 12:15:07,323 INFO  [Log] X 
2016-11-16 12:15:07,323 INFO  [Log] X 
2016-11-16 12:15:07,324 ERROR [Log] Class Utils | Method getCellData | Exception desc : null 
2016-11-16 12:15:07,324 ERROR [Log] Class Utils | Method getCellData | Exception desc : null 
2016-11-16 12:15:07,325 ERROR [Log] Class Utils | Method getCellData | Exception desc : null 
2016-11-16 12:15:07,325 ERROR [Log] Class Utils | Method getCellData | Exception desc : null 
2016-11-16 12:15:07,325 ERROR [Log] Class Utils | Method getCellData | Exception desc : null 
2016-11-16 12:15:07,325 ERROR [Log] Class Utils | Method getCellData | Exception desc : null 
2016-11-16 12:15:07,325 ERROR [Log] Class Utils | Method getCellData | Exception desc : null 
2016-11-16 12:15:07,325 ERROR [Log] Class Utils | Method getCellData | Exception desc : null 
2016-11-16 12:15:07,325 ERROR [Log] Class Utils | Method getCellData | Exception desc : null 
2016-11-16 12:15:07,325 ERROR [Log] Class Utils | Method getCellData | Exception desc : null 
2016-11-16 12:15:07,326 ERROR [Log] Class Utils | Method getCellData | Exception desc : null 
2016-11-16 12:15:07,326 ERROR [Log] Class Utils | Method getCellData | Exception desc : null 
2016-11-16 12:15:07,326 ERROR [Log] Class Utils | Method getCellData | Exception desc : null 
2016-11-16 12:15:07,326 ERROR [Log] Class Utils | Method getCellData | Exception desc : null 
2016-11-16 12:15:07,326 ERROR [Log] Class Utils | Method getCellData | Exception desc : null 
2016-11-16 12:15:07,326 ERROR [Log] Class Utils | Method getCellData | Exception desc : null 
2016-11-16 12:22:20,753 ERROR [Log] Class Utils | Method getCellData | Exception desc : null 
2016-11-16 12:22:20,754 INFO  [Log] ***************************************************** 
2016-11-16 12:22:20,754 INFO  [Log] ***************************************************** 
2016-11-16 12:22:20,754 INFO  [Log] $$$$$$$$$$$$$$Login_01$$$$$$$$$$$$$$$$$$$$$$$$$$ 
2016-11-16 12:22:20,754 INFO  [Log] ***************************************************** 
2016-11-16 12:22:20,754 INFO  [Log] ***************************************************** 
2016-11-16 12:22:20,754 ERROR [Log] Class Utils | Method getCellData | Exception desc : null 
2016-11-16 12:22:20,757 INFO  [Log] XXXXXXXXXXXXXXXXXXXXXXX             -E---N---D-             XXXXXXXXXXXXXXXXXXXXXX 
2016-11-16 12:22:20,757 INFO  [Log] X 
2016-11-16 12:22:20,757 INFO  [Log] X 
2016-11-16 12:22:20,757 INFO  [Log] X 
2016-11-16 12:22:20,757 INFO  [Log] X 
2016-11-16 12:22:20,758 ERROR [Log] Class Utils | Method getCellData | Exception desc : null 
2016-11-16 12:22:20,758 ERROR [Log] Class Utils | Method getCellData | Exception desc : null 
2016-11-16 12:22:20,758 ERROR [Log] Class Utils | Method getCellData | Exception desc : null 
2016-11-16 12:22:20,758 ERROR [Log] Class Utils | Method getCellData | Exception desc : null 
2016-11-16 12:22:20,758 ERROR [Log] Class Utils | Method getCellData | Exception desc : null 
2016-11-16 12:22:20,758 ERROR [Log] Class Utils | Method getCellData | Exception desc : null 
2016-11-16 12:22:20,758 ERROR [Log] Class Utils | Method getCellData | Exception desc : null 
2016-11-16 12:22:20,758 ERROR [Log] Class Utils | Method getCellData | Exception desc : null 
2016-11-16 12:22:20,758 ERROR [Log] Class Utils | Method getCellData | Exception desc : null 
2016-11-16 12:22:20,759 ERROR [Log] Class Utils | Method getCellData | Exception desc : null 
2016-11-16 12:22:20,759 ERROR [Log] Class Utils | Method getCellData | Exception desc : null 
2016-11-16 12:22:20,759 ERROR [Log] Class Utils | Method getCellData | Exception desc : null 
2016-11-16 12:22:20,759 ERROR [Log] Class Utils | Method getCellData | Exception desc : null 
2016-11-16 12:22:20,759 ERROR [Log] Class Utils | Method getCellData | Exception desc : null 
2016-11-16 12:22:20,759 ERROR [Log] Class Utils | Method getCellData | Exception desc : null 
2016-11-16 12:22:20,759 ERROR [Log] Class Utils | Method getCellData | Exception desc : null 
2016-11-16 13:39:08,480 ERROR [Log] Class Utils | Method getCellData | Exception desc : null 
2016-11-16 13:39:08,552 INFO  [Log] ***************************************************** 
2016-11-16 13:39:08,552 INFO  [Log] ***************************************************** 
2016-11-16 13:39:08,552 INFO  [Log] $$$$$$$$$$$$$$Login_01$$$$$$$$$$$$$$$$$$$$$$$$$$ 
2016-11-16 13:39:08,552 INFO  [Log] ***************************************************** 
2016-11-16 13:39:08,552 INFO  [Log] ***************************************************** 
2016-11-16 13:39:08,552 ERROR [Log] Class Utils | Method getCellData | Exception desc : null 
2016-11-16 13:39:08,555 INFO  [Log] XXXXXXXXXXXXXXXXXXXXXXX             -E---N---D-             XXXXXXXXXXXXXXXXXXXXXX 
2016-11-16 13:39:08,555 INFO  [Log] X 
2016-11-16 13:39:08,555 INFO  [Log] X 
2016-11-16 13:39:08,555 INFO  [Log] X 
2016-11-16 13:39:08,555 INFO  [Log] X 
2016-11-16 13:39:08,556 ERROR [Log] Class Utils | Method getCellData | Exception desc : null 
2016-11-16 13:39:08,556 ERROR [Log] Class Utils | Method getCellData | Exception desc : null 
2016-11-16 13:39:08,556 ERROR [Log] Class Utils | Method getCellData | Exception desc : null 
2016-11-16 13:39:08,556 ERROR [Log] Class Utils | Method getCellData | Exception desc : null 
2016-11-16 13:39:08,557 ERROR [Log] Class Utils | Method getCellData | Exception desc : null 
2016-11-16 13:39:08,557 ERROR [Log] Class Utils | Method getCellData | Exception desc : null 
2016-11-16 13:39:08,557 ERROR [Log] Class Utils | Method getCellData | Exception desc : null 
2016-11-16 13:39:08,557 ERROR [Log] Class Utils | Method getCellData | Exception desc : null 
2016-11-16 13:39:08,557 ERROR [Log] Class Utils | Method getCellData | Exception desc : null 
2016-11-16 13:39:08,557 ERROR [Log] Class Utils | Method getCellData | Exception desc : null 
2016-11-16 13:39:08,557 ERROR [Log] Class Utils | Method getCellData | Exception desc : null 
2016-11-16 13:39:08,557 ERROR [Log] Class Utils | Method getCellData | Exception desc : null 
2016-11-16 13:39:08,557 ERROR [Log] Class Utils | Method getCellData | Exception desc : null 
2016-11-16 13:39:08,557 ERROR [Log] Class Utils | Method getCellData | Exception desc : null 
2016-11-16 13:39:08,557 ERROR [Log] Class Utils | Method getCellData | Exception desc : null 
2016-11-16 13:39:08,558 ERROR [Log] Class Utils | Method getCellData | Exception desc : null 
