#
# There is insufficient memory for the Java Runtime Environment to continue.
# Native memory allocation (malloc) failed to allocate 1048576 bytes for AllocateHeap
# Possible reasons:
#   The system is out of physical RAM or swap space
#   In 32 bit mode, the process size limit was hit
# Possible solutions:
#   Reduce memory load on the system
#   Increase physical memory or swap space
#   Check if swap backing store is full
#   Use 64 bit Java on a 64 bit OS
#   Decrease Java heap size (-Xmx/-Xms)
#   Decrease number of Java threads
#   Decrease Java thread stack sizes (-Xss)
#   Set larger code cache with -XX:ReservedCodeCacheSize=
# This output file may be truncated or incomplete.
#
#  Out of Memory Error (memory/allocation.inline.hpp:61), pid=44064, tid=0x0000000000003914
#
# JRE version:  (8.0_131-b11) (build )
# Java VM: Java HotSpot(TM) 64-Bit Server VM (25.131-b11 mixed mode windows-amd64 compressed oops)
# Failed to write core dump. Minidumps are not enabled by default on client versions of Windows
#

---------------  T H R E A D  ---------------

Current thread (0x0000000002202800):  JavaThread "Unknown thread" [_thread_in_vm, id=14612, stack(0x0000000002100000,0x0000000002200000)]

Stack: [0x0000000002100000,0x0000000002200000]
[error occurred during error reporting (printing stack bounds), id 0xc0000005]

Native frames: (J=compiled Java code, j=interpreted, Vv=VM code, C=native code)


---------------  P R O C E S S  ---------------

Java Threads: ( => current thread )

Other Threads:

=>0x0000000002202800 (exited) JavaThread "Unknown thread" [_thread_in_vm, id=14612, stack(0x0000000002100000,0x0000000002200000)]

VM state:not at safepoint (normal execution)

VM Mutex/Monitor currently owned by a thread: None

Heap:
 PSYoungGen      total 18944K, used 327K [0x00000000eb300000, 0x00000000ec800000, 0x0000000100000000)
  eden space 16384K, 2% used [0x00000000eb300000,0x00000000eb351ec8,0x00000000ec300000)
  from space 2560K, 0% used [0x00000000ec580000,0x00000000ec580000,0x00000000ec800000)
  to   space 2560K, 0% used [0x00000000ec300000,0x00000000ec300000,0x00000000ec580000)
 ParOldGen       total 44032K, used 0K [0x00000000c1800000, 0x00000000c4300000, 0x00000000eb300000)
  object space 44032K, 0% used [0x00000000c1800000,0x00000000c1800000,0x00000000c4300000)
 Metaspace       used 746K, capacity 4480K, committed 4480K, reserved 1056768K
  class space    used 75K, capacity 384K, committed 384K, reserved 1048576K

Card table byte_map: [0x00000000116c0000,0x00000000118c0000] byte_map_base: 0x00000000110b4000

Marking Bits: (ParMarkBitMap*) 0x0000000061e6c720
 Begin Bits: [0x0000000011e10000, 0x0000000012db0000)
 End Bits:   [0x0000000012db0000, 0x0000000013d50000)

Polling page: 0x0000000001f70000

CodeCache: size=245760Kb used=328Kb max_used=328Kb free=245431Kb
 bounds [0x0000000002300000, 0x0000000002570000, 0x0000000011300000]
 total_blobs=58 nmethods=0 adapters=38
 compilation: enabled

Compilation events (0 events):
No events

GC Heap History (0 events):
No events

Deoptimization events (0 events):
No events

Internal exceptions (0 events):
No events

Events (10 events):
Event: 0.041 loading class java/lang/Short
Event: 0.041 loading class java/lang/Short done
Event: 0.041 loading class java/lang/Integer
Event: 0.041 loading class java/lang/Integer done
Event: 0.041 loading class java/lang/Long
Event: 0.041 loading class java/lang/Long done
Event: 0.042 loading class java/lang/NullPointerException
Event: 0.043 loading class java/lang/NullPointerException done
Event: 0.043 loading class java/lang/ArithmeticException
Event: 0.043 loading class java/lang/ArithmeticException done


Dynamic libraries:
0x00007ff67aad0000 - 0x00007ff67ab07000 	C:\Program Files\Java\jre1.8.0_131\bin\javaw.exe
0x00007ffdaee50000 - 0x00007ffdaeffd000 	C:\Windows\SYSTEM32\ntdll.dll
0x00007ffdae180000 - 0x00007ffdae2be000 	C:\Windows\system32\KERNEL32.DLL
0x00007ffd9ca20000 - 0x00007ffd9ca53000 	C:\Program Files\AVAST Software\Avast\x64\aswhooka.dll
0x00007ffdac2b0000 - 0x00007ffdac3c5000 	C:\Windows\system32\KERNELBASE.dll
0x00007ffdaab00000 - 0x00007ffdaab8e000 	C:\Windows\system32\apphelp.dll
0x00007ffd9efa0000 - 0x00007ffd9eff3000 	C:\Windows\AppPatch\AppPatch64\AcGenral.DLL
0x00007ffdadd80000 - 0x00007ffdade2a000 	C:\Windows\system32\msvcrt.dll
0x00007ffdac280000 - 0x00007ffdac2ae000 	C:\Windows\system32\SspiCli.dll
0x00007ffdae100000 - 0x00007ffdae154000 	C:\Windows\system32\SHLWAPI.dll
0x00007ffdade30000 - 0x00007ffdadfa7000 	C:\Windows\system32\USER32.dll
0x00007ffdac6b0000 - 0x00007ffdac844000 	C:\Windows\system32\ole32.dll
0x00007ffdac850000 - 0x00007ffdadd79000 	C:\Windows\system32\SHELL32.dll
0x00007ffdab540000 - 0x00007ffdab561000 	C:\Windows\SYSTEM32\USERENV.dll
0x00007ffdae960000 - 0x00007ffdaea0a000 	C:\Windows\system32\ADVAPI32.dll
0x00007ffda3730000 - 0x00007ffda374e000 	C:\Windows\SYSTEM32\MPR.dll
0x00007ffdadfb0000 - 0x00007ffdae0f0000 	C:\Windows\system32\RPCRT4.dll
0x00007ffdae7f0000 - 0x00007ffdae849000 	C:\Windows\SYSTEM32\sechost.dll
0x00007ffdae2c0000 - 0x00007ffdae4d2000 	C:\Windows\SYSTEM32\combase.dll
0x00007ffdaeae0000 - 0x00007ffdaec2b000 	C:\Windows\system32\GDI32.dll
0x00007ffdabf80000 - 0x00007ffdabf95000 	C:\Windows\SYSTEM32\profapi.dll
0x00007ffdaa790000 - 0x00007ffdaa842000 	C:\Windows\SYSTEM32\SHCORE.dll
0x00007ffdae8c0000 - 0x00007ffdae8f6000 	C:\Windows\system32\IMM32.DLL
0x00007ffdaecf0000 - 0x00007ffdaee41000 	C:\Windows\system32\MSCTF.dll
0x00007ffdaa2e0000 - 0x00007ffdaa55b000 	C:\Windows\WinSxS\amd64_microsoft.windows.common-controls_6595b64144ccf1df_6.0.9600.18006_none_623f33d3ecbe86e8\COMCTL32.dll
0x0000000061570000 - 0x0000000061642000 	C:\Program Files\Java\jre1.8.0_131\bin\msvcr100.dll
0x0000000061650000 - 0x0000000061eec000 	C:\Program Files\Java\jre1.8.0_131\bin\server\jvm.dll
0x00007ffda56a0000 - 0x00007ffda56a9000 	C:\Windows\SYSTEM32\WSOCK32.dll
0x00007ffda4390000 - 0x00007ffda43b2000 	C:\Windows\SYSTEM32\WINMM.dll
0x00007ffda4850000 - 0x00007ffda485a000 	C:\Windows\SYSTEM32\VERSION.dll
0x00007ffdae170000 - 0x00007ffdae177000 	C:\Windows\system32\PSAPI.DLL
0x00007ffdae4e0000 - 0x00007ffdae53a000 	C:\Windows\system32\WS2_32.dll
0x00007ffda4360000 - 0x00007ffda438a000 	C:\Windows\SYSTEM32\WINMMBASE.dll
0x00007ffdae0f0000 - 0x00007ffdae0f9000 	C:\Windows\system32\NSI.dll
0x00007ffdac050000 - 0x00007ffdac09f000 	C:\Windows\SYSTEM32\cfgmgr32.dll
0x00007ffdaad60000 - 0x00007ffdaad88000 	C:\Windows\SYSTEM32\DEVOBJ.dll
0x0000000061560000 - 0x000000006156f000 	C:\Program Files\Java\jre1.8.0_131\bin\verify.dll
0x0000000061530000 - 0x0000000061559000 	C:\Program Files\Java\jre1.8.0_131\bin\java.dll
0x0000000061510000 - 0x0000000061526000 	C:\Program Files\Java\jre1.8.0_131\bin\zip.dll

VM Arguments:
jvm_args: -ea -Dfile.encoding=Cp1252 -Xbootclasspath:C:\Program Files\Java\jre1.8.0_131\lib\resources.jar;C:\Program Files\Java\jre1.8.0_131\lib\rt.jar;C:\Program Files\Java\jre1.8.0_131\lib\jsse.jar;C:\Program Files\Java\jre1.8.0_131\lib\jce.jar;C:\Program Files\Java\jre1.8.0_131\lib\charsets.jar;C:\Program Files\Java\jre1.8.0_131\lib\jfr.jar;C:\Program Files\Java\jdk1.8.0_131\lib\tools.jar 
java_command: org.testng.remote.RemoteTestNG -serport 57734 -protocol json -d F:\Work\learningSelenium\test-output C:\Users\PURUSI~1\AppData\Local\Temp\testng-eclipse-911510906\testng-customsuite.xml
java_class_path (initial): E:\eclipse-jee-mars-1-win32-x86_64\eclipse\plugins\org.testng.eclipse_6.10.0.201612030230\lib\testng-remote.jar;F:\Work\learningSelenium\bin;E:\eclipse-jee-mars-1-win32-x86_64\eclipse\plugins\org.testng.eclipse_6.10.0.201612030230\lib\testng.jar;E:\eclipse-jee-mars-1-win32-x86_64\eclipse\plugins\org.testng.eclipse_6.10.0.201612030230\lib\jcommander.jar;E:\eclipse-jee-mars-1-win32-x86_64\eclipse\plugins\org.testng.eclipse_6.10.0.201612030230\lib\bsh-2.0b4.jar;E:\eclipse-jee-mars-1-win32-x86_64\eclipse\plugins\org.testng.eclipse_6.10.0.201612030230\lib\snakeyaml.jar;E:\pendrive\Selenium\lib\bundle-jars.jar;E:\pendrive\Selenium\lib\cglib-nodep-3.2.4.jar;E:\pendrive\Selenium\lib\commons-codec-1.10.jar;E:\pendrive\Selenium\lib\commons-exec-1.3.jar;E:\pendrive\Selenium\lib\commons-io-2.5.jar;E:\pendrive\Selenium\lib\commons-lang3-3.5.jar;E:\pendrive\Selenium\lib\commons-logging-1.2.jar;E:\pendrive\Selenium\lib\cssparser-0.9.22.jar;E:\pendrive\Selenium\lib\gson-2.8.0.jar;E:\pendrive\Selenium\lib\guava-21.0.jar;E:\pendrive\Selenium\lib\hamcrest-core-1.3.jar;E:\pendrive\Selenium\lib\htmlunit-2.26.jar;E:\pendrive\Selenium\lib\htmlunit-core-js-2.26.jar;E:\pendrive\Selenium\lib\htmlunit-driver-2.26.jar;E:\pendrive\Selenium\lib\httpclient-4.5.3.jar;E:\pendrive\Selenium\lib\httpcore-4.4.6.jar;E:\pendrive\Selenium\lib\httpmime-4.5.3.jar;E:\pendrive\Selenium\lib\javax.servlet-api-3.1.0.jar;E:\pendrive\Selenium\lib\jcip-annotations-1.0.jar;E:\pendrive\Selenium\lib\jcommander-1.48.jar;E:\pendrive\Selenium\lib\jetty-io-9.4.1.v20170120.jar;E:\pendrive\Selenium\lib\jetty-util-9.4.1.v20170120.jar;E:\pendrive\Selenium\lib\jna-4.1.0.jar;E:\pendrive\Selenium\lib\jna-platform-4.1.0.jar;E:\pendrive\Selenium\lib\junit-4.12.jar;E:\pendrive\Selenium\lib\neko-htmlunit-2.25.jar;E:\pendrive\Selenium\lib\phantomjsdriver-1.4.0.jar;E:\pendrive\Selenium\lib\sac-1.3.jar;E:\pendrive\Selenium\lib\serializer-2.7.2.jar;E:\pendrive\Selenium\lib\snakeyaml-1.15.jar;E:\pendrive\Sele
Launcher Type: SUN_STANDARD

Environment Variables:
JAVA_HOME=C:\Program Files\Java\jdk1.8.0_131
CLASSPATH=C:\Program Files\Java\jdk1.8.0_131\bin;
PATH=C:/Program Files/Java/jre1.8.0_131/bin/server;C:/Program Files/Java/jre1.8.0_131/bin;C:/Program Files/Java/jre1.8.0_131/lib/amd64;C:\oraclexe\app\oracle\product\11.2.0\server\bin;C:\ProgramData\Oracle\Java\javapath;C:\oraclexe\app\oracle\product\11.2.0\server\bin;E:\app\client\purusingh\product\12.1.0\client_1\bin;C:\Windows\System32\; C:\Program Files\Java\jdk1.8.0_131\bin;C:\Windows\system32;C:\Windows;C:\Windows\System32\Wbem;C:\Windows\System32\WindowsPowerShell\v1.0\;C:\Program Files\Java\jdk1.8.0_45\bin;E:\ADT1\adt-bundle-windows-x86_64-20140702\sdk\build-tools;E:\ADT1\adt-bundle-windows-x86_64-20140702\sdk\platform-tools;E:\ADT1\adt-bundle-windows-x86_64-20140702\sdk/platform-tools;E:\ADT1\adt-bundle-windows-x86_64-20140702\sdk/tools;E:\testing\apache-maven-3.3.9\bin;E:\testing\apache-maven-3.3.9\bin;%ANT_HOME%\bin;C:\Program Files\Java\jdk1.8.0_131\bin;C:\Program Files\Java\jdk1.8.0_131;C:\Program Files (x86)\Skype\Phone\;C:\Program Files\MySQL\MySQL Utilities 1.6\;E:\gitExtension\;E:\SIKULI\libs;E:\eclipse-jee-mars-1-win32-x86_64\eclipse;
USERNAME=purusingh
OS=Windows_NT
PROCESSOR_IDENTIFIER=Intel64 Family 6 Model 42 Stepping 7, GenuineIntel



---------------  S Y S T E M  ---------------

OS: Windows 8.1 , 64 bit Build 9600 (6.3.9600.17415)

CPU:total 4 (initial active 4) (2 cores per cpu, 2 threads per core) family 6 model 42 stepping 7, cmov, cx8, fxsr, mmx, sse, sse2, sse3, ssse3, sse4.1, sse4.2, popcnt, avx, clmul, ht, tsc, tscinvbit

Memory: 4k page, physical 4092268k(183264k free), swap 7237996k(5208k free)

vm_info: Java HotSpot(TM) 64-Bit Server VM (25.131-b11) for windows-amd64 JRE (1.8.0_131-b11), built on Mar 15 2017 01:23:53 by "java_re" with MS VC++ 10.0 (VS2010)

time: Sun Dec 10 22:57:03 2017
elapsed time: 0 seconds (0d 0h 0m 0s)

